mode: set
unittest/BE5187561.go:3.44,5.33 2 1
unittest/BE5187561.go:5.33,6.18 1 1
unittest/BE5187561.go:6.18,7.12 1 1
unittest/BE5187561.go:10.3,10.17 1 1
unittest/BE5187561.go:10.17,12.4 1 1
unittest/BE5187561.go:14.3,14.16 1 1
unittest/BE5187561.go:17.2,17.17 1 1
unittest/BE5187561.go:17.17,19.3 1 1
unittest/BE5187561.go:21.2,21.12 1 1
unittest/converter.go:9.33,12.18 2 1
unittest/converter.go:12.18,14.3 1 1
unittest/converter.go:16.2,16.19 1 1
unittest/converter.go:16.19,18.3 1 1
unittest/converter.go:20.2,20.20 1 1
unittest/converter.go:20.20,22.3 1 1
unittest/converter.go:24.2,24.15 1 1
